Analysis & Synthesis report for proyecto
Tue Nov 23 18:27:53 2021
Quartus Prime Version 21.1.0 Build 842 10/21/2021 SJ Lite Edition


---------------------
; Table of Contents ;
---------------------
  1. Legal Notice
  2. Analysis & Synthesis Summary
  3. Analysis & Synthesis Settings
  4. Parallel Compilation
  5. Analysis & Synthesis Source Files Read
  6. Analysis & Synthesis Resource Usage Summary
  7. Analysis & Synthesis Resource Utilization by Entity
  8. User-Specified and Inferred Latches
  9. Registers Removed During Synthesis
 10. Removed Registers Triggering Further Register Optimizations
 11. General Register Statistics
 12. Inverted Register Statistics
 13. Multiplexer Restructuring Statistics (Restructuring Performed)
 14. Parameter Settings for User Entity Instance: LIB_TEC_MATRICIAL_4x4_INTESC_RevA:componente
 15. Parameter Settings for Inferred Entity Instance: lpm_mult:Mult0
 16. Parameter Settings for Inferred Entity Instance: lpm_mult:Mult1
 17. lpm_mult Parameter Settings by Entity Instance
 18. Post-Synthesis Netlist Statistics for Top Partition
 19. Elapsed Time Per Partition
 20. Analysis & Synthesis Messages



----------------
; Legal Notice ;
----------------
Copyright (C) 2021  Intel Corporation. All rights reserved.
Your use of Intel Corporation's design tools, logic functions 
and other software and tools, and any partner logic 
functions, and any output files from any of the foregoing 
(including device programming or simulation files), and any 
associated documentation or information are expressly subject 
to the terms and conditions of the Intel Program License 
Subscription Agreement, the Intel Quartus Prime License Agreement,
the Intel FPGA IP License Agreement, or other applicable license
agreement, including, without limitation, that your use is for
the sole purpose of programming logic devices manufactured by
Intel and sold by Intel or its authorized distributors.  Please
refer to the applicable agreement for further details, at
https://fpgasoftware.intel.com/eula.



+----------------------------------------------------------------------------------+
; Analysis & Synthesis Summary                                                     ;
+------------------------------------+---------------------------------------------+
; Analysis & Synthesis Status        ; Successful - Tue Nov 23 18:27:53 2021       ;
; Quartus Prime Version              ; 21.1.0 Build 842 10/21/2021 SJ Lite Edition ;
; Revision Name                      ; proyecto                                    ;
; Top-level Entity Name              ; teclado                                     ;
; Family                             ; MAX 10                                      ;
; Total logic elements               ; 809                                         ;
;     Total combinational functions  ; 668                                         ;
;     Dedicated logic registers      ; 269                                         ;
; Total registers                    ; 269                                         ;
; Total pins                         ; 100                                         ;
; Total virtual pins                 ; 0                                           ;
; Total memory bits                  ; 0                                           ;
; Embedded Multiplier 9-bit elements ; 0                                           ;
; Total PLLs                         ; 0                                           ;
; UFM blocks                         ; 0                                           ;
; ADC blocks                         ; 0                                           ;
+------------------------------------+---------------------------------------------+


+------------------------------------------------------------------------------------------------------------+
; Analysis & Synthesis Settings                                                                              ;
+------------------------------------------------------------------+--------------------+--------------------+
; Option                                                           ; Setting            ; Default Value      ;
+------------------------------------------------------------------+--------------------+--------------------+
; Device                                                           ; 10M50DAF484C7G     ;                    ;
; Top-level entity name                                            ; teclado            ; proyecto           ;
; Family name                                                      ; MAX 10             ; Cyclone V          ;
; Use smart compilation                                            ; Off                ; Off                ;
; Enable parallel Assembler and Timing Analyzer during compilation ; On                 ; On                 ;
; Enable compact report table                                      ; Off                ; Off                ;
; Restructure Multiplexers                                         ; Auto               ; Auto               ;
; Create Debugging Nodes for IP Cores                              ; Off                ; Off                ;
; Preserve fewer node names                                        ; On                 ; On                 ;
; Intel FPGA IP Evaluation Mode                                    ; Enable             ; Enable             ;
; Verilog Version                                                  ; Verilog_2001       ; Verilog_2001       ;
; VHDL Version                                                     ; VHDL_1993          ; VHDL_1993          ;
; State Machine Processing                                         ; Auto               ; Auto               ;
; Safe State Machine                                               ; Off                ; Off                ;
; Extract Verilog State Machines                                   ; On                 ; On                 ;
; Extract VHDL State Machines                                      ; On                 ; On                 ;
; Ignore Verilog initial constructs                                ; Off                ; Off                ;
; Iteration limit for constant Verilog loops                       ; 5000               ; 5000               ;
; Iteration limit for non-constant Verilog loops                   ; 250                ; 250                ;
; Add Pass-Through Logic to Inferred RAMs                          ; On                 ; On                 ;
; Infer RAMs from Raw Logic                                        ; On                 ; On                 ;
; Parallel Synthesis                                               ; On                 ; On                 ;
; DSP Block Balancing                                              ; Auto               ; Auto               ;
; NOT Gate Push-Back                                               ; On                 ; On                 ;
; Power-Up Don't Care                                              ; On                 ; On                 ;
; Remove Redundant Logic Cells                                     ; Off                ; Off                ;
; Remove Duplicate Registers                                       ; On                 ; On                 ;
; Ignore CARRY Buffers                                             ; Off                ; Off                ;
; Ignore CASCADE Buffers                                           ; Off                ; Off                ;
; Ignore GLOBAL Buffers                                            ; Off                ; Off                ;
; Ignore ROW GLOBAL Buffers                                        ; Off                ; Off                ;
; Ignore LCELL Buffers                                             ; Off                ; Off                ;
; Ignore SOFT Buffers                                              ; On                 ; On                 ;
; Limit AHDL Integers to 32 Bits                                   ; Off                ; Off                ;
; Optimization Technique                                           ; Balanced           ; Balanced           ;
; Carry Chain Length                                               ; 70                 ; 70                 ;
; Auto Carry Chains                                                ; On                 ; On                 ;
; Auto Open-Drain Pins                                             ; On                 ; On                 ;
; Perform WYSIWYG Primitive Resynthesis                            ; Off                ; Off                ;
; Auto ROM Replacement                                             ; On                 ; On                 ;
; Auto RAM Replacement                                             ; On                 ; On                 ;
; Auto DSP Block Replacement                                       ; On                 ; On                 ;
; Auto Shift Register Replacement                                  ; Auto               ; Auto               ;
; Allow Shift Register Merging across Hierarchies                  ; Auto               ; Auto               ;
; Auto Clock Enable Replacement                                    ; On                 ; On                 ;
; Strict RAM Replacement                                           ; Off                ; Off                ;
; Allow Synchronous Control Signals                                ; On                 ; On                 ;
; Force Use of Synchronous Clear Signals                           ; Off                ; Off                ;
; Auto RAM Block Balancing                                         ; On                 ; On                 ;
; Auto RAM to Logic Cell Conversion                                ; Off                ; Off                ;
; Auto Resource Sharing                                            ; Off                ; Off                ;
; Allow Any RAM Size For Recognition                               ; Off                ; Off                ;
; Allow Any ROM Size For Recognition                               ; Off                ; Off                ;
; Allow Any Shift Register Size For Recognition                    ; Off                ; Off                ;
; Use LogicLock Constraints during Resource Balancing              ; On                 ; On                 ;
; Ignore translate_off and synthesis_off directives                ; Off                ; Off                ;
; Timing-Driven Synthesis                                          ; On                 ; On                 ;
; Report Parameter Settings                                        ; On                 ; On                 ;
; Report Source Assignments                                        ; On                 ; On                 ;
; Report Connectivity Checks                                       ; On                 ; On                 ;
; Ignore Maximum Fan-Out Assignments                               ; Off                ; Off                ;
; Synchronization Register Chain Length                            ; 2                  ; 2                  ;
; Power Optimization During Synthesis                              ; Normal compilation ; Normal compilation ;
; HDL message level                                                ; Level2             ; Level2             ;
; Suppress Register Optimization Related Messages                  ; Off                ; Off                ;
; Number of Removed Registers Reported in Synthesis Report         ; 5000               ; 5000               ;
; Number of Swept Nodes Reported in Synthesis Report               ; 5000               ; 5000               ;
; Number of Inverted Registers Reported in Synthesis Report        ; 100                ; 100                ;
; Clock MUX Protection                                             ; On                 ; On                 ;
; Auto Gated Clock Conversion                                      ; Off                ; Off                ;
; Block Design Naming                                              ; Auto               ; Auto               ;
; SDC constraint protection                                        ; Off                ; Off                ;
; Synthesis Effort                                                 ; Auto               ; Auto               ;
; Shift Register Replacement - Allow Asynchronous Clear Signal     ; On                 ; On                 ;
; Pre-Mapping Resynthesis Optimization                             ; Off                ; Off                ;
; Analysis & Synthesis Message Level                               ; Medium             ; Medium             ;
; Disable Register Merging Across Hierarchies                      ; Auto               ; Auto               ;
; Resource Aware Inference For Block RAM                           ; On                 ; On                 ;
+------------------------------------------------------------------+--------------------+--------------------+


+------------------------------------------+
; Parallel Compilation                     ;
+----------------------------+-------------+
; Processors                 ; Number      ;
+----------------------------+-------------+
; Number detected on machine ; 4           ;
; Maximum allowed            ; 2           ;
;                            ;             ;
; Average used               ; 1.00        ;
; Maximum used               ; 2           ;
;                            ;             ;
; Usage by Processor         ; % Time Used ;
;     Processor 1            ; 100.0%      ;
;     Processor 2            ;   0.0%      ;
+----------------------------+-------------+


+-----------------------------------------------------------------------------------------------------------------------------------------------------------------------------------+
; Analysis & Synthesis Source Files Read                                                                                                                                            ;
+---------------------------------------+-----------------+------------------------------+--------------------------------------------------------------------------------+---------+
; File Name with User-Entered Path      ; Used in Netlist ; File Type                    ; File Name with Absolute Path                                                   ; Library ;
+---------------------------------------+-----------------+------------------------------+--------------------------------------------------------------------------------+---------+
; LIB_TEC_MATRICIAL_4x4_INTESC_RevA.vhd ; yes             ; User VHDL File               ; C:/Users/stevi/Documents/proyecto/LIB_TEC_MATRICIAL_4x4_INTESC_RevA.vhd        ;         ;
; teclado.vhd                           ; yes             ; User VHDL File               ; C:/Users/stevi/Documents/proyecto/teclado.vhd                                  ;         ;
; lpm_mult.tdf                          ; yes             ; Megafunction                 ; c:/intelfpga_lite/21.1/quartus/libraries/megafunctions/lpm_mult.tdf            ;         ;
; aglobal211.inc                        ; yes             ; Megafunction                 ; c:/intelfpga_lite/21.1/quartus/libraries/megafunctions/aglobal211.inc          ;         ;
; lpm_add_sub.inc                       ; yes             ; Megafunction                 ; c:/intelfpga_lite/21.1/quartus/libraries/megafunctions/lpm_add_sub.inc         ;         ;
; multcore.inc                          ; yes             ; Megafunction                 ; c:/intelfpga_lite/21.1/quartus/libraries/megafunctions/multcore.inc            ;         ;
; bypassff.inc                          ; yes             ; Megafunction                 ; c:/intelfpga_lite/21.1/quartus/libraries/megafunctions/bypassff.inc            ;         ;
; altshift.inc                          ; yes             ; Megafunction                 ; c:/intelfpga_lite/21.1/quartus/libraries/megafunctions/altshift.inc            ;         ;
; multcore.tdf                          ; yes             ; Megafunction                 ; c:/intelfpga_lite/21.1/quartus/libraries/megafunctions/multcore.tdf            ;         ;
; csa_add.inc                           ; yes             ; Megafunction                 ; c:/intelfpga_lite/21.1/quartus/libraries/megafunctions/csa_add.inc             ;         ;
; mpar_add.inc                          ; yes             ; Megafunction                 ; c:/intelfpga_lite/21.1/quartus/libraries/megafunctions/mpar_add.inc            ;         ;
; muleabz.inc                           ; yes             ; Megafunction                 ; c:/intelfpga_lite/21.1/quartus/libraries/megafunctions/muleabz.inc             ;         ;
; mul_lfrg.inc                          ; yes             ; Megafunction                 ; c:/intelfpga_lite/21.1/quartus/libraries/megafunctions/mul_lfrg.inc            ;         ;
; mul_boothc.inc                        ; yes             ; Megafunction                 ; c:/intelfpga_lite/21.1/quartus/libraries/megafunctions/mul_boothc.inc          ;         ;
; alt_ded_mult.inc                      ; yes             ; Megafunction                 ; c:/intelfpga_lite/21.1/quartus/libraries/megafunctions/alt_ded_mult.inc        ;         ;
; alt_ded_mult_y.inc                    ; yes             ; Megafunction                 ; c:/intelfpga_lite/21.1/quartus/libraries/megafunctions/alt_ded_mult_y.inc      ;         ;
; dffpipe.inc                           ; yes             ; Megafunction                 ; c:/intelfpga_lite/21.1/quartus/libraries/megafunctions/dffpipe.inc             ;         ;
; mpar_add.tdf                          ; yes             ; Megafunction                 ; c:/intelfpga_lite/21.1/quartus/libraries/megafunctions/mpar_add.tdf            ;         ;
; lpm_add_sub.tdf                       ; yes             ; Megafunction                 ; c:/intelfpga_lite/21.1/quartus/libraries/megafunctions/lpm_add_sub.tdf         ;         ;
; addcore.inc                           ; yes             ; Megafunction                 ; c:/intelfpga_lite/21.1/quartus/libraries/megafunctions/addcore.inc             ;         ;
; look_add.inc                          ; yes             ; Megafunction                 ; c:/intelfpga_lite/21.1/quartus/libraries/megafunctions/look_add.inc            ;         ;
; alt_stratix_add_sub.inc               ; yes             ; Megafunction                 ; c:/intelfpga_lite/21.1/quartus/libraries/megafunctions/alt_stratix_add_sub.inc ;         ;
; db/add_sub_dmg.tdf                    ; yes             ; Auto-Generated Megafunction  ; C:/Users/stevi/Documents/proyecto/db/add_sub_dmg.tdf                           ;         ;
; altshift.tdf                          ; yes             ; Megafunction                 ; c:/intelfpga_lite/21.1/quartus/libraries/megafunctions/altshift.tdf            ;         ;
+---------------------------------------+-----------------+------------------------------+--------------------------------------------------------------------------------+---------+


+-----------------------------------------------------------+
; Analysis & Synthesis Resource Usage Summary               ;
+---------------------------------------------+-------------+
; Resource                                    ; Usage       ;
+---------------------------------------------+-------------+
; Estimated Total logic elements              ; 809         ;
;                                             ;             ;
; Total combinational functions               ; 668         ;
; Logic element usage by number of LUT inputs ;             ;
;     -- 4 input functions                    ; 354         ;
;     -- 3 input functions                    ; 162         ;
;     -- <=2 input functions                  ; 152         ;
;                                             ;             ;
; Logic elements by mode                      ;             ;
;     -- normal mode                          ; 569         ;
;     -- arithmetic mode                      ; 99          ;
;                                             ;             ;
; Total registers                             ; 269         ;
;     -- Dedicated logic registers            ; 269         ;
;     -- I/O registers                        ; 0           ;
;                                             ;             ;
; I/O pins                                    ; 100         ;
;                                             ;             ;
; Embedded Multiplier 9-bit elements          ; 0           ;
;                                             ;             ;
; Maximum fan-out node                        ; reloj~input ;
; Maximum fan-out                             ; 269         ;
; Total fan-out                               ; 3044        ;
; Average fan-out                             ; 2.68        ;
+---------------------------------------------+-------------+


+-------------------------------------------------------------------------------------------------------------------------------------------------------------------------------------------------------------------------------------------------------------------------------------------------------------------+
; Analysis & Synthesis Resource Utilization by Entity                                                                                                                                                                                                                                                               ;
+---------------------------------------------------+---------------------+---------------------------+-------------+------------+--------------+---------+-----------+------+--------------+------------+-------------------------------------------------------+-----------------------------------+--------------+
; Compilation Hierarchy Node                        ; Combinational ALUTs ; Dedicated Logic Registers ; Memory Bits ; UFM Blocks ; DSP Elements ; DSP 9x9 ; DSP 18x18 ; Pins ; Virtual Pins ; ADC blocks ; Full Hierarchy Name                                   ; Entity Name                       ; Library Name ;
+---------------------------------------------------+---------------------+---------------------------+-------------+------------+--------------+---------+-----------+------+--------------+------------+-------------------------------------------------------+-----------------------------------+--------------+
; |teclado                                          ; 668 (519)           ; 269 (99)                  ; 0           ; 0          ; 0            ; 0       ; 0         ; 100  ; 0            ; 0          ; |teclado                                              ; teclado                           ; work         ;
;    |LIB_TEC_MATRICIAL_4x4_INTESC_RevA:componente| ; 128 (128)           ; 170 (170)                 ; 0           ; 0          ; 0            ; 0       ; 0         ; 0    ; 0            ; 0          ; |teclado|LIB_TEC_MATRICIAL_4x4_INTESC_RevA:componente ; LIB_TEC_MATRICIAL_4x4_INTESC_RevA ; work         ;
;    |lpm_mult:Mult0|                               ; 16 (0)              ; 0 (0)                     ; 0           ; 0          ; 0            ; 0       ; 0         ; 0    ; 0            ; 0          ; |teclado|lpm_mult:Mult0                               ; lpm_mult                          ; work         ;
;       |multcore:mult_core|                        ; 16 (16)             ; 0 (0)                     ; 0           ; 0          ; 0            ; 0       ; 0         ; 0    ; 0            ; 0          ; |teclado|lpm_mult:Mult0|multcore:mult_core            ; multcore                          ; work         ;
;    |lpm_mult:Mult1|                               ; 5 (0)               ; 0 (0)                     ; 0           ; 0          ; 0            ; 0       ; 0         ; 0    ; 0            ; 0          ; |teclado|lpm_mult:Mult1                               ; lpm_mult                          ; work         ;
;       |multcore:mult_core|                        ; 5 (5)               ; 0 (0)                     ; 0           ; 0          ; 0            ; 0       ; 0         ; 0    ; 0            ; 0          ; |teclado|lpm_mult:Mult1|multcore:mult_core            ; multcore                          ; work         ;
+---------------------------------------------------+---------------------+---------------------------+-------------+------------+--------------+---------+-----------+------+--------------+------------+-------------------------------------------------------+-----------------------------------+--------------+
Note: For table entries with two numbers listed, the numbers in parentheses indicate the number of resources of the given type used by the specific entity alone. The numbers listed outside of parentheses indicate the total resources of the given type used by the specific entity and all of its sub-entities in the hierarchy.


+----------------------------------------------------------------------------------------------------+
; User-Specified and Inferred Latches                                                                ;
+-----------------------------------------------------+---------------------+------------------------+
; Latch Name                                          ; Latch Enable Signal ; Free of Timing Hazards ;
+-----------------------------------------------------+---------------------+------------------------+
; imp_temp3[8]                                        ; LessThan2           ; yes                    ;
; imp_temp3[9]                                        ; LessThan2           ; yes                    ;
; lux[7]                                              ; GND                 ; yes                    ;
; imp_temp2[7]                                        ; temp1               ; yes                    ;
; imp_temp3[7]                                        ; LessThan2           ; yes                    ;
; lux[6]                                              ; GND                 ; yes                    ;
; imp_temp2[6]                                        ; temp1               ; yes                    ;
; imp_temp3[6]                                        ; LessThan2           ; yes                    ;
; lux[5]                                              ; GND                 ; yes                    ;
; imp_temp2[5]                                        ; temp1               ; yes                    ;
; imp_temp3[5]                                        ; LessThan2           ; yes                    ;
; lux[4]                                              ; GND                 ; yes                    ;
; imp_temp2[4]                                        ; temp1               ; yes                    ;
; imp_temp3[4]                                        ; LessThan2           ; yes                    ;
; lux[3]                                              ; GND                 ; yes                    ;
; imp_temp1[3]                                        ; x2sttdl_temp1[3]    ; yes                    ;
; imp_temp2[3]                                        ; temp1               ; yes                    ;
; imp_temp3[3]                                        ; LessThan2           ; yes                    ;
; lux[2]                                              ; GND                 ; yes                    ;
; imp_temp1[2]                                        ; x2sttdl_temp1[3]    ; yes                    ;
; imp_temp2[2]                                        ; temp1               ; yes                    ;
; imp_temp3[2]                                        ; LessThan2           ; yes                    ;
; lux[1]                                              ; GND                 ; yes                    ;
; imp_temp1[1]                                        ; x2sttdl_temp1[3]    ; yes                    ;
; imp_temp2[1]                                        ; temp1               ; yes                    ;
; imp_temp3[1]                                        ; LessThan2           ; yes                    ;
; lux[0]                                              ; GND                 ; yes                    ;
; imp_temp1[0]                                        ; x2sttdl_temp1[3]    ; yes                    ;
; imp_temp2[0]                                        ; temp1               ; yes                    ;
; imp_temp3[0]                                        ; LessThan2           ; yes                    ;
; valtotal2[8]                                        ; LessThan2           ; yes                    ;
; valtotal2[9]                                        ; LessThan2           ; yes                    ;
; valtotal[7]                                         ; temp1               ; yes                    ;
; valtotal2[7]                                        ; LessThan2           ; yes                    ;
; valtotal[6]                                         ; temp1               ; yes                    ;
; valtotal2[6]                                        ; LessThan2           ; yes                    ;
; valtotal[5]                                         ; temp1               ; yes                    ;
; valtotal2[5]                                        ; LessThan2           ; yes                    ;
; valtotal[4]                                         ; temp1               ; yes                    ;
; valtotal2[4]                                        ; LessThan2           ; yes                    ;
; x2sttdl_temp1[3]                                    ; x2sttdl_temp1[3]    ; yes                    ;
; valtotal[3]                                         ; temp1               ; yes                    ;
; valtotal2[3]                                        ; LessThan2           ; yes                    ;
; x2sttdl_temp1[2]                                    ; x2sttdl_temp1[3]    ; yes                    ;
; valtotal[2]                                         ; temp1               ; yes                    ;
; valtotal2[2]                                        ; LessThan2           ; yes                    ;
; x2sttdl_temp1[1]                                    ; x2sttdl_temp1[3]    ; yes                    ;
; valtotal[1]                                         ; temp1               ; yes                    ;
; valtotal2[1]                                        ; LessThan2           ; yes                    ;
; x2sttdl_temp1[0]                                    ; x2sttdl_temp1[3]    ; yes                    ;
; valtotal[0]                                         ; temp1               ; yes                    ;
; valtotal2[0]                                        ; LessThan2           ; yes                    ;
; Number of user-specified and inferred latches = 52  ;                     ;                        ;
+-----------------------------------------------------+---------------------+------------------------+
Note: All latches listed above may not be present at the end of synthesis due to various synthesis optimizations.


+------------------------------------------------------------------------------------------------------------------------------------+
; Registers Removed During Synthesis                                                                                                 ;
+-----------------------------------------------------------+------------------------------------------------------------------------+
; Register name                                             ; Reason for Removal                                                     ;
+-----------------------------------------------------------+------------------------------------------------------------------------+
; mul[2,3]                                                  ; Stuck at GND due to stuck port data_in                                 ;
; mul[1]                                                    ; Stuck at VCC due to stuck port data_in                                 ;
; mul[4..7]                                                 ; Stuck at GND due to stuck port data_in                                 ;
; display3[7]                                               ; Stuck at VCC due to stuck port data_in                                 ;
; display2[7]                                               ; Stuck at VCC due to stuck port data_in                                 ;
; display1[7]                                               ; Stuck at VCC due to stuck port data_in                                 ;
; wt[10,11]                                                 ; Stuck at GND due to stuck port data_in                                 ;
; df2[2,3]                                                  ; Stuck at GND due to stuck port data_in                                 ;
; display3[1]                                               ; Stuck at GND due to stuck port data_in                                 ;
; display1[1,4..6]                                          ; Lost fanout                                                            ;
; display2[0,1,3..6]                                        ; Lost fanout                                                            ;
; display3[5]                                               ; Lost fanout                                                            ;
; display1[4]~5                                             ; Merged with display1[1]~2                                              ;
; display1[5]~8                                             ; Merged with display1[1]~2                                              ;
; display1[6]~11                                            ; Merged with display1[1]~2                                              ;
; display2[0]~2                                             ; Merged with display1[1]~2                                              ;
; display2[1]~5                                             ; Merged with display1[1]~2                                              ;
; display2[3]~8                                             ; Merged with display1[1]~2                                              ;
; display2[4]~11                                            ; Merged with display1[1]~2                                              ;
; display2[5]~14                                            ; Merged with display1[1]~2                                              ;
; display2[6]~17                                            ; Merged with display1[1]~2                                              ;
; display3[5]~2                                             ; Merged with display1[1]~2                                              ;
; LIB_TEC_MATRICIAL_4x4_INTESC_RevA:componente|CONTA_1MS[0] ; Merged with LIB_TEC_MATRICIAL_4x4_INTESC_RevA:componente|CONTA_10MS[0] ;
; LIB_TEC_MATRICIAL_4x4_INTESC_RevA:componente|CONTA_1MS[1] ; Merged with LIB_TEC_MATRICIAL_4x4_INTESC_RevA:componente|CONTA_10MS[1] ;
; LIB_TEC_MATRICIAL_4x4_INTESC_RevA:componente|CONTA_1MS[2] ; Merged with LIB_TEC_MATRICIAL_4x4_INTESC_RevA:componente|CONTA_10MS[2] ;
; LIB_TEC_MATRICIAL_4x4_INTESC_RevA:componente|CONTA_1MS[3] ; Merged with LIB_TEC_MATRICIAL_4x4_INTESC_RevA:componente|CONTA_10MS[3] ;
; Total Number of Removed Registers = 40                    ;                                                                        ;
+-----------------------------------------------------------+------------------------------------------------------------------------+


+-----------------------------------------------------------------------------------------+
; Removed Registers Triggering Further Register Optimizations                             ;
+---------------+---------------------------+---------------------------------------------+
; Register name ; Reason for Removal        ; Registers Removed due to This Register      ;
+---------------+---------------------------+---------------------------------------------+
; mul[3]        ; Stuck at GND              ; wt[10], wt[11], df2[2], df2[3], display3[1] ;
;               ; due to stuck port data_in ;                                             ;
+---------------+---------------------------+---------------------------------------------+


+------------------------------------------------------+
; General Register Statistics                          ;
+----------------------------------------------+-------+
; Statistic                                    ; Value ;
+----------------------------------------------+-------+
; Total registers                              ; 269   ;
; Number of registers using Synchronous Clear  ; 3     ;
; Number of registers using Synchronous Load   ; 0     ;
; Number of registers using Asynchronous Clear ; 0     ;
; Number of registers using Asynchronous Load  ; 0     ;
; Number of registers using Clock Enable       ; 166   ;
; Number of registers using Preset             ; 0     ;
+----------------------------------------------+-------+


+--------------------------------------------------+
; Inverted Register Statistics                     ;
+----------------------------------------+---------+
; Inverted Register                      ; Fan out ;
+----------------------------------------+---------+
; ref[0]                                 ; 6       ;
; ref[31]                                ; 7       ;
; Total number of inverted registers = 2 ;         ;
+----------------------------------------+---------+


+-----------------------------------------------------------------------------------------------------------------------------------------------------------------------------------+
; Multiplexer Restructuring Statistics (Restructuring Performed)                                                                                                                    ;
+--------------------+-----------+---------------+----------------------+------------------------+------------+---------------------------------------------------------------------+
; Multiplexer Inputs ; Bus Width ; Baseline Area ; Area if Restructured ; Saving if Restructured ; Registered ; Example Multiplexer Output                                          ;
+--------------------+-----------+---------------+----------------------+------------------------+------------+---------------------------------------------------------------------+
; 4:1                ; 4 bits    ; 8 LEs         ; 4 LEs                ; 4 LEs                  ; Yes        ; |teclado|val2[2]                                                    ;
; 4:1                ; 4 bits    ; 8 LEs         ; 4 LEs                ; 4 LEs                  ; Yes        ; |teclado|val3[2]                                                    ;
; 8:1                ; 30 bits   ; 150 LEs       ; 30 LEs               ; 120 LEs                ; Yes        ; |teclado|ref[16]                                                    ;
; 17:1               ; 4 bits    ; 44 LEs        ; 40 LEs               ; 4 LEs                  ; Yes        ; |teclado|LIB_TEC_MATRICIAL_4x4_INTESC_RevA:componente|BOTON_PRES[3] ;
; 3:1                ; 4 bits    ; 8 LEs         ; 4 LEs                ; 4 LEs                  ; Yes        ; |teclado|val1[1]                                                    ;
; 8:1                ; 2 bits    ; 10 LEs        ; 8 LEs                ; 2 LEs                  ; Yes        ; |teclado|ref[31]                                                    ;
; 3:1                ; 4 bits    ; 8 LEs         ; 8 LEs                ; 0 LEs                  ; No         ; |teclado|save[7]                                                    ;
; 3:1                ; 11 bits   ; 22 LEs        ; 22 LEs               ; 0 LEs                  ; No         ; |teclado|save[3]                                                    ;
+--------------------+-----------+---------------+----------------------+------------------------+------------+---------------------------------------------------------------------+


+-------------------------------------------------------------------------------------------+
; Parameter Settings for User Entity Instance: LIB_TEC_MATRICIAL_4x4_INTESC_RevA:componente ;
+----------------+----------+---------------------------------------------------------------+
; Parameter Name ; Value    ; Type                                                          ;
+----------------+----------+---------------------------------------------------------------+
; FREQ_CLK       ; 50000000 ; Signed Integer                                                ;
+----------------+----------+---------------------------------------------------------------+
Note: In order to hide this table in the UI and the text report file, please set the "Show Parameter Settings in Synthesis Report" option in "Analysis and Synthesis Settings -> More Settings" to "Off".


+---------------------------------------------------------------------------------+
; Parameter Settings for Inferred Entity Instance: lpm_mult:Mult0                 ;
+------------------------------------------------+----------+---------------------+
; Parameter Name                                 ; Value    ; Type                ;
+------------------------------------------------+----------+---------------------+
; AUTO_CARRY_CHAINS                              ; ON       ; AUTO_CARRY          ;
; IGNORE_CARRY_BUFFERS                           ; OFF      ; IGNORE_CARRY        ;
; AUTO_CASCADE_CHAINS                            ; ON       ; AUTO_CASCADE        ;
; IGNORE_CASCADE_BUFFERS                         ; OFF      ; IGNORE_CASCADE      ;
; LPM_WIDTHA                                     ; 8        ; Untyped             ;
; LPM_WIDTHB                                     ; 2        ; Untyped             ;
; LPM_WIDTHP                                     ; 10       ; Untyped             ;
; LPM_WIDTHR                                     ; 10       ; Untyped             ;
; LPM_WIDTHS                                     ; 1        ; Untyped             ;
; LPM_REPRESENTATION                             ; UNSIGNED ; Untyped             ;
; LPM_PIPELINE                                   ; 0        ; Untyped             ;
; LATENCY                                        ; 0        ; Untyped             ;
; INPUT_A_IS_CONSTANT                            ; NO       ; Untyped             ;
; INPUT_B_IS_CONSTANT                            ; NO       ; Untyped             ;
; USE_EAB                                        ; OFF      ; Untyped             ;
; MAXIMIZE_SPEED                                 ; 5        ; Untyped             ;
; DEVICE_FAMILY                                  ; MAX 10   ; Untyped             ;
; CARRY_CHAIN                                    ; MANUAL   ; Untyped             ;
; APEX20K_TECHNOLOGY_MAPPER                      ; LUT      ; TECH_MAPPER_APEX20K ;
; DEDICATED_MULTIPLIER_CIRCUITRY                 ; AUTO     ; Untyped             ;
; DEDICATED_MULTIPLIER_MIN_INPUT_WIDTH_FOR_AUTO  ; 0        ; Untyped             ;
; DEDICATED_MULTIPLIER_MIN_OUTPUT_WIDTH_FOR_AUTO ; 0        ; Untyped             ;
; CBXI_PARAMETER                                 ; NOTHING  ; Untyped             ;
; INPUT_A_FIXED_VALUE                            ; Bx       ; Untyped             ;
; INPUT_B_FIXED_VALUE                            ; Bx       ; Untyped             ;
; USE_AHDL_IMPLEMENTATION                        ; OFF      ; Untyped             ;
+------------------------------------------------+----------+---------------------+
Note: In order to hide this table in the UI and the text report file, please set the "Show Parameter Settings in Synthesis Report" option in "Analysis and Synthesis Settings -> More Settings" to "Off".


+---------------------------------------------------------------------------------+
; Parameter Settings for Inferred Entity Instance: lpm_mult:Mult1                 ;
+------------------------------------------------+----------+---------------------+
; Parameter Name                                 ; Value    ; Type                ;
+------------------------------------------------+----------+---------------------+
; AUTO_CARRY_CHAINS                              ; ON       ; AUTO_CARRY          ;
; IGNORE_CARRY_BUFFERS                           ; OFF      ; IGNORE_CARRY        ;
; AUTO_CASCADE_CHAINS                            ; ON       ; AUTO_CASCADE        ;
; IGNORE_CASCADE_BUFFERS                         ; OFF      ; IGNORE_CASCADE      ;
; LPM_WIDTHA                                     ; 4        ; Untyped             ;
; LPM_WIDTHB                                     ; 7        ; Untyped             ;
; LPM_WIDTHP                                     ; 11       ; Untyped             ;
; LPM_WIDTHR                                     ; 11       ; Untyped             ;
; LPM_WIDTHS                                     ; 1        ; Untyped             ;
; LPM_REPRESENTATION                             ; UNSIGNED ; Untyped             ;
; LPM_PIPELINE                                   ; 0        ; Untyped             ;
; LATENCY                                        ; 0        ; Untyped             ;
; INPUT_A_IS_CONSTANT                            ; NO       ; Untyped             ;
; INPUT_B_IS_CONSTANT                            ; YES      ; Untyped             ;
; USE_EAB                                        ; OFF      ; Untyped             ;
; MAXIMIZE_SPEED                                 ; 5        ; Untyped             ;
; DEVICE_FAMILY                                  ; MAX 10   ; Untyped             ;
; CARRY_CHAIN                                    ; MANUAL   ; Untyped             ;
; APEX20K_TECHNOLOGY_MAPPER                      ; LUT      ; TECH_MAPPER_APEX20K ;
; DEDICATED_MULTIPLIER_CIRCUITRY                 ; AUTO     ; Untyped             ;
; DEDICATED_MULTIPLIER_MIN_INPUT_WIDTH_FOR_AUTO  ; 0        ; Untyped             ;
; DEDICATED_MULTIPLIER_MIN_OUTPUT_WIDTH_FOR_AUTO ; 0        ; Untyped             ;
; CBXI_PARAMETER                                 ; NOTHING  ; Untyped             ;
; INPUT_A_FIXED_VALUE                            ; Bx       ; Untyped             ;
; INPUT_B_FIXED_VALUE                            ; Bx       ; Untyped             ;
; USE_AHDL_IMPLEMENTATION                        ; OFF      ; Untyped             ;
+------------------------------------------------+----------+---------------------+
Note: In order to hide this table in the UI and the text report file, please set the "Show Parameter Settings in Synthesis Report" option in "Analysis and Synthesis Settings -> More Settings" to "Off".


+--------------------------------------------------------+
; lpm_mult Parameter Settings by Entity Instance         ;
+---------------------------------------+----------------+
; Name                                  ; Value          ;
+---------------------------------------+----------------+
; Number of entity instances            ; 2              ;
; Entity Instance                       ; lpm_mult:Mult0 ;
;     -- LPM_WIDTHA                     ; 8              ;
;     -- LPM_WIDTHB                     ; 2              ;
;     -- LPM_WIDTHP                     ; 10             ;
;     -- LPM_REPRESENTATION             ; UNSIGNED       ;
;     -- INPUT_A_IS_CONSTANT            ; NO             ;
;     -- INPUT_B_IS_CONSTANT            ; NO             ;
;     -- USE_EAB                        ; OFF            ;
;     -- DEDICATED_MULTIPLIER_CIRCUITRY ; AUTO           ;
;     -- INPUT_A_FIXED_VALUE            ; Bx             ;
;     -- INPUT_B_FIXED_VALUE            ; Bx             ;
; Entity Instance                       ; lpm_mult:Mult1 ;
;     -- LPM_WIDTHA                     ; 4              ;
;     -- LPM_WIDTHB                     ; 7              ;
;     -- LPM_WIDTHP                     ; 11             ;
;     -- LPM_REPRESENTATION             ; UNSIGNED       ;
;     -- INPUT_A_IS_CONSTANT            ; NO             ;
;     -- INPUT_B_IS_CONSTANT            ; YES            ;
;     -- USE_EAB                        ; OFF            ;
;     -- DEDICATED_MULTIPLIER_CIRCUITRY ; AUTO           ;
;     -- INPUT_A_FIXED_VALUE            ; Bx             ;
;     -- INPUT_B_FIXED_VALUE            ; Bx             ;
+---------------------------------------+----------------+


+-----------------------------------------------------+
; Post-Synthesis Netlist Statistics for Top Partition ;
+-----------------------+-----------------------------+
; Type                  ; Count                       ;
+-----------------------+-----------------------------+
; boundary_port         ; 100                         ;
; cycloneiii_ff         ; 269                         ;
;     ENA               ; 166                         ;
;     SCLR              ; 3                           ;
;     plain             ; 100                         ;
; cycloneiii_lcell_comb ; 675                         ;
;     arith             ; 99                          ;
;         2 data inputs ; 70                          ;
;         3 data inputs ; 29                          ;
;     normal            ; 576                         ;
;         0 data inputs ; 3                           ;
;         1 data inputs ; 18                          ;
;         2 data inputs ; 68                          ;
;         3 data inputs ; 133                         ;
;         4 data inputs ; 354                         ;
;                       ;                             ;
; Max LUT depth         ; 9.00                        ;
; Average LUT depth     ; 4.27                        ;
+-----------------------+-----------------------------+


+-------------------------------+
; Elapsed Time Per Partition    ;
+----------------+--------------+
; Partition Name ; Elapsed Time ;
+----------------+--------------+
; Top            ; 00:00:02     ;
+----------------+--------------+


+-------------------------------+
; Analysis & Synthesis Messages ;
+-------------------------------+
Info: *******************************************************************
Info: Running Quartus Prime Analysis & Synthesis
    Info: Version 21.1.0 Build 842 10/21/2021 SJ Lite Edition
    Info: Processing started: Tue Nov 23 18:27:37 2021
Info: Command: quartus_map --read_settings_files=on --write_settings_files=off proyecto -c proyecto
Warning (18236): Number of processors has not been specified which may cause overloading on shared machines.  Set the global assignment NUM_PARALLEL_PROCESSORS in your QSF to an appropriate value for best performance.
Info (20030): Parallel compilation is enabled and will use 2 of the 2 processors detected
Info (12021): Found 2 design units, including 1 entities, in source file lib_tec_matricial_4x4_intesc_reva.vhd
    Info (12022): Found design unit 1: LIB_TEC_MATRICIAL_4x4_INTESC_RevA-Behavioral File: C:/Users/stevi/Documents/proyecto/LIB_TEC_MATRICIAL_4x4_INTESC_RevA.vhd Line: 20
    Info (12023): Found entity 1: LIB_TEC_MATRICIAL_4x4_INTESC_RevA File: C:/Users/stevi/Documents/proyecto/LIB_TEC_MATRICIAL_4x4_INTESC_RevA.vhd Line: 4
Info (12021): Found 2 design units, including 1 entities, in source file teclado.vhd
    Info (12022): Found design unit 1: teclado-tecladomatricial File: C:/Users/stevi/Documents/proyecto/teclado.vhd Line: 23
    Info (12023): Found entity 1: teclado File: C:/Users/stevi/Documents/proyecto/teclado.vhd Line: 9
Info (12127): Elaborating entity "teclado" for the top level hierarchy
Warning (10541): VHDL Signal Declaration warning at teclado.vhd(17): used implicit default value for signal "segmentos_unidades_1" because signal was never assigned a value or an explicit default value. Use of implicit default value may introduce unintended design optimizations. File: C:/Users/stevi/Documents/proyecto/teclado.vhd Line: 17
Warning (10541): VHDL Signal Declaration warning at teclado.vhd(17): used implicit default value for signal "segmentos_decenas_1" because signal was never assigned a value or an explicit default value. Use of implicit default value may introduce unintended design optimizations. File: C:/Users/stevi/Documents/proyecto/teclado.vhd Line: 17
Warning (10541): VHDL Signal Declaration warning at teclado.vhd(17): used implicit default value for signal "segmentos_centenas_1" because signal was never assigned a value or an explicit default value. Use of implicit default value may introduce unintended design optimizations. File: C:/Users/stevi/Documents/proyecto/teclado.vhd Line: 17
Warning (10036): Verilog HDL or VHDL warning at teclado.vhd(39): object "ilma" assigned a value but never read File: C:/Users/stevi/Documents/proyecto/teclado.vhd Line: 39
Warning (10631): VHDL Process Statement warning at teclado.vhd(152): inferring latch(es) for signal or variable "lux", which holds its previous value in one or more paths through the process File: C:/Users/stevi/Documents/proyecto/teclado.vhd Line: 152
Warning (10492): VHDL Process Statement warning at teclado.vhd(535): signal "valtotal2" is read inside the Process Statement but isn't in the Process Statement's sensitivity list File: C:/Users/stevi/Documents/proyecto/teclado.vhd Line: 535
Warning (10492): VHDL Process Statement warning at teclado.vhd(536): signal "imp_temp3" is read inside the Process Statement but isn't in the Process Statement's sensitivity list File: C:/Users/stevi/Documents/proyecto/teclado.vhd Line: 536
Warning (10492): VHDL Process Statement warning at teclado.vhd(546): signal "valtotal" is read inside the Process Statement but isn't in the Process Statement's sensitivity list File: C:/Users/stevi/Documents/proyecto/teclado.vhd Line: 546
Warning (10492): VHDL Process Statement warning at teclado.vhd(547): signal "imp_temp2" is read inside the Process Statement but isn't in the Process Statement's sensitivity list File: C:/Users/stevi/Documents/proyecto/teclado.vhd Line: 547
Warning (10492): VHDL Process Statement warning at teclado.vhd(554): signal "x2sttdl_temp1" is read inside the Process Statement but isn't in the Process Statement's sensitivity list File: C:/Users/stevi/Documents/proyecto/teclado.vhd Line: 554
Warning (10492): VHDL Process Statement warning at teclado.vhd(555): signal "imp_temp1" is read inside the Process Statement but isn't in the Process Statement's sensitivity list File: C:/Users/stevi/Documents/proyecto/teclado.vhd Line: 555
Warning (10631): VHDL Process Statement warning at teclado.vhd(527): inferring latch(es) for signal or variable "valtotal2", which holds its previous value in one or more paths through the process File: C:/Users/stevi/Documents/proyecto/teclado.vhd Line: 527
Warning (10631): VHDL Process Statement warning at teclado.vhd(527): inferring latch(es) for signal or variable "imp_temp3", which holds its previous value in one or more paths through the process File: C:/Users/stevi/Documents/proyecto/teclado.vhd Line: 527
Warning (10631): VHDL Process Statement warning at teclado.vhd(527): inferring latch(es) for signal or variable "valtotal", which holds its previous value in one or more paths through the process File: C:/Users/stevi/Documents/proyecto/teclado.vhd Line: 527
Warning (10631): VHDL Process Statement warning at teclado.vhd(527): inferring latch(es) for signal or variable "imp_temp2", which holds its previous value in one or more paths through the process File: C:/Users/stevi/Documents/proyecto/teclado.vhd Line: 527
Warning (10631): VHDL Process Statement warning at teclado.vhd(527): inferring latch(es) for signal or variable "x2sttdl_temp1", which holds its previous value in one or more paths through the process File: C:/Users/stevi/Documents/proyecto/teclado.vhd Line: 527
Warning (10631): VHDL Process Statement warning at teclado.vhd(527): inferring latch(es) for signal or variable "imp_temp1", which holds its previous value in one or more paths through the process File: C:/Users/stevi/Documents/proyecto/teclado.vhd Line: 527
Warning (10492): VHDL Process Statement warning at teclado.vhd(568): signal "lux" is read inside the Process Statement but isn't in the Process Statement's sensitivity list File: C:/Users/stevi/Documents/proyecto/teclado.vhd Line: 568
Info (10041): Inferred latch for "imp_temp1[0]" at teclado.vhd(527) File: C:/Users/stevi/Documents/proyecto/teclado.vhd Line: 527
Info (10041): Inferred latch for "imp_temp1[1]" at teclado.vhd(527) File: C:/Users/stevi/Documents/proyecto/teclado.vhd Line: 527
Info (10041): Inferred latch for "imp_temp1[2]" at teclado.vhd(527) File: C:/Users/stevi/Documents/proyecto/teclado.vhd Line: 527
Info (10041): Inferred latch for "imp_temp1[3]" at teclado.vhd(527) File: C:/Users/stevi/Documents/proyecto/teclado.vhd Line: 527
Info (10041): Inferred latch for "imp_temp1[4]" at teclado.vhd(527) File: C:/Users/stevi/Documents/proyecto/teclado.vhd Line: 527
Info (10041): Inferred latch for "imp_temp1[5]" at teclado.vhd(527) File: C:/Users/stevi/Documents/proyecto/teclado.vhd Line: 527
Info (10041): Inferred latch for "imp_temp1[6]" at teclado.vhd(527) File: C:/Users/stevi/Documents/proyecto/teclado.vhd Line: 527
Info (10041): Inferred latch for "imp_temp1[7]" at teclado.vhd(527) File: C:/Users/stevi/Documents/proyecto/teclado.vhd Line: 527
Info (10041): Inferred latch for "imp_temp1[8]" at teclado.vhd(527) File: C:/Users/stevi/Documents/proyecto/teclado.vhd Line: 527
Info (10041): Inferred latch for "imp_temp1[9]" at teclado.vhd(527) File: C:/Users/stevi/Documents/proyecto/teclado.vhd Line: 527
Info (10041): Inferred latch for "x2sttdl_temp1[0]" at teclado.vhd(527) File: C:/Users/stevi/Documents/proyecto/teclado.vhd Line: 527
Info (10041): Inferred latch for "x2sttdl_temp1[1]" at teclado.vhd(527) File: C:/Users/stevi/Documents/proyecto/teclado.vhd Line: 527
Info (10041): Inferred latch for "x2sttdl_temp1[2]" at teclado.vhd(527) File: C:/Users/stevi/Documents/proyecto/teclado.vhd Line: 527
Info (10041): Inferred latch for "x2sttdl_temp1[3]" at teclado.vhd(527) File: C:/Users/stevi/Documents/proyecto/teclado.vhd Line: 527
Info (10041): Inferred latch for "imp_temp2[0]" at teclado.vhd(527) File: C:/Users/stevi/Documents/proyecto/teclado.vhd Line: 527
Info (10041): Inferred latch for "imp_temp2[1]" at teclado.vhd(527) File: C:/Users/stevi/Documents/proyecto/teclado.vhd Line: 527
Info (10041): Inferred latch for "imp_temp2[2]" at teclado.vhd(527) File: C:/Users/stevi/Documents/proyecto/teclado.vhd Line: 527
Info (10041): Inferred latch for "imp_temp2[3]" at teclado.vhd(527) File: C:/Users/stevi/Documents/proyecto/teclado.vhd Line: 527
Info (10041): Inferred latch for "imp_temp2[4]" at teclado.vhd(527) File: C:/Users/stevi/Documents/proyecto/teclado.vhd Line: 527
Info (10041): Inferred latch for "imp_temp2[5]" at teclado.vhd(527) File: C:/Users/stevi/Documents/proyecto/teclado.vhd Line: 527
Info (10041): Inferred latch for "imp_temp2[6]" at teclado.vhd(527) File: C:/Users/stevi/Documents/proyecto/teclado.vhd Line: 527
Info (10041): Inferred latch for "imp_temp2[7]" at teclado.vhd(527) File: C:/Users/stevi/Documents/proyecto/teclado.vhd Line: 527
Info (10041): Inferred latch for "imp_temp2[8]" at teclado.vhd(527) File: C:/Users/stevi/Documents/proyecto/teclado.vhd Line: 527
Info (10041): Inferred latch for "imp_temp2[9]" at teclado.vhd(527) File: C:/Users/stevi/Documents/proyecto/teclado.vhd Line: 527
Info (10041): Inferred latch for "valtotal[0]" at teclado.vhd(527) File: C:/Users/stevi/Documents/proyecto/teclado.vhd Line: 527
Info (10041): Inferred latch for "valtotal[1]" at teclado.vhd(527) File: C:/Users/stevi/Documents/proyecto/teclado.vhd Line: 527
Info (10041): Inferred latch for "valtotal[2]" at teclado.vhd(527) File: C:/Users/stevi/Documents/proyecto/teclado.vhd Line: 527
Info (10041): Inferred latch for "valtotal[3]" at teclado.vhd(527) File: C:/Users/stevi/Documents/proyecto/teclado.vhd Line: 527
Info (10041): Inferred latch for "valtotal[4]" at teclado.vhd(527) File: C:/Users/stevi/Documents/proyecto/teclado.vhd Line: 527
Info (10041): Inferred latch for "valtotal[5]" at teclado.vhd(527) File: C:/Users/stevi/Documents/proyecto/teclado.vhd Line: 527
Info (10041): Inferred latch for "valtotal[6]" at teclado.vhd(527) File: C:/Users/stevi/Documents/proyecto/teclado.vhd Line: 527
Info (10041): Inferred latch for "valtotal[7]" at teclado.vhd(527) File: C:/Users/stevi/Documents/proyecto/teclado.vhd Line: 527
Info (10041): Inferred latch for "imp_temp3[0]" at teclado.vhd(527) File: C:/Users/stevi/Documents/proyecto/teclado.vhd Line: 527
Info (10041): Inferred latch for "imp_temp3[1]" at teclado.vhd(527) File: C:/Users/stevi/Documents/proyecto/teclado.vhd Line: 527
Info (10041): Inferred latch for "imp_temp3[2]" at teclado.vhd(527) File: C:/Users/stevi/Documents/proyecto/teclado.vhd Line: 527
Info (10041): Inferred latch for "imp_temp3[3]" at teclado.vhd(527) File: C:/Users/stevi/Documents/proyecto/teclado.vhd Line: 527
Info (10041): Inferred latch for "imp_temp3[4]" at teclado.vhd(527) File: C:/Users/stevi/Documents/proyecto/teclado.vhd Line: 527
Info (10041): Inferred latch for "imp_temp3[5]" at teclado.vhd(527) File: C:/Users/stevi/Documents/proyecto/teclado.vhd Line: 527
Info (10041): Inferred latch for "imp_temp3[6]" at teclado.vhd(527) File: C:/Users/stevi/Documents/proyecto/teclado.vhd Line: 527
Info (10041): Inferred latch for "imp_temp3[7]" at teclado.vhd(527) File: C:/Users/stevi/Documents/proyecto/teclado.vhd Line: 527
Info (10041): Inferred latch for "imp_temp3[8]" at teclado.vhd(527) File: C:/Users/stevi/Documents/proyecto/teclado.vhd Line: 527
Info (10041): Inferred latch for "imp_temp3[9]" at teclado.vhd(527) File: C:/Users/stevi/Documents/proyecto/teclado.vhd Line: 527
Info (10041): Inferred latch for "valtotal2[0]" at teclado.vhd(527) File: C:/Users/stevi/Documents/proyecto/teclado.vhd Line: 527
Info (10041): Inferred latch for "valtotal2[1]" at teclado.vhd(527) File: C:/Users/stevi/Documents/proyecto/teclado.vhd Line: 527
Info (10041): Inferred latch for "valtotal2[2]" at teclado.vhd(527) File: C:/Users/stevi/Documents/proyecto/teclado.vhd Line: 527
Info (10041): Inferred latch for "valtotal2[3]" at teclado.vhd(527) File: C:/Users/stevi/Documents/proyecto/teclado.vhd Line: 527
Info (10041): Inferred latch for "valtotal2[4]" at teclado.vhd(527) File: C:/Users/stevi/Documents/proyecto/teclado.vhd Line: 527
Info (10041): Inferred latch for "valtotal2[5]" at teclado.vhd(527) File: C:/Users/stevi/Documents/proyecto/teclado.vhd Line: 527
Info (10041): Inferred latch for "valtotal2[6]" at teclado.vhd(527) File: C:/Users/stevi/Documents/proyecto/teclado.vhd Line: 527
Info (10041): Inferred latch for "valtotal2[7]" at teclado.vhd(527) File: C:/Users/stevi/Documents/proyecto/teclado.vhd Line: 527
Info (10041): Inferred latch for "valtotal2[8]" at teclado.vhd(527) File: C:/Users/stevi/Documents/proyecto/teclado.vhd Line: 527
Info (10041): Inferred latch for "valtotal2[9]" at teclado.vhd(527) File: C:/Users/stevi/Documents/proyecto/teclado.vhd Line: 527
Info (10041): Inferred latch for "lux[0]" at teclado.vhd(152) File: C:/Users/stevi/Documents/proyecto/teclado.vhd Line: 152
Info (10041): Inferred latch for "lux[1]" at teclado.vhd(152) File: C:/Users/stevi/Documents/proyecto/teclado.vhd Line: 152
Info (10041): Inferred latch for "lux[2]" at teclado.vhd(152) File: C:/Users/stevi/Documents/proyecto/teclado.vhd Line: 152
Info (10041): Inferred latch for "lux[3]" at teclado.vhd(152) File: C:/Users/stevi/Documents/proyecto/teclado.vhd Line: 152
Info (10041): Inferred latch for "lux[4]" at teclado.vhd(152) File: C:/Users/stevi/Documents/proyecto/teclado.vhd Line: 152
Info (10041): Inferred latch for "lux[5]" at teclado.vhd(152) File: C:/Users/stevi/Documents/proyecto/teclado.vhd Line: 152
Info (10041): Inferred latch for "lux[6]" at teclado.vhd(152) File: C:/Users/stevi/Documents/proyecto/teclado.vhd Line: 152
Info (10041): Inferred latch for "lux[7]" at teclado.vhd(152) File: C:/Users/stevi/Documents/proyecto/teclado.vhd Line: 152
Info (12128): Elaborating entity "LIB_TEC_MATRICIAL_4x4_INTESC_RevA" for hierarchy "LIB_TEC_MATRICIAL_4x4_INTESC_RevA:componente" File: C:/Users/stevi/Documents/proyecto/teclado.vhd Line: 341
Info (278001): Inferred 2 megafunctions from design logic
    Info (278003): Inferred multiplier megafunction ("lpm_mult") from the following logic: "Mult0" File: c:/intelfpga_lite/21.1/quartus/libraries/vhdl/synopsys/ieee/syn_arit.vhd Line: 687
    Info (278003): Inferred multiplier megafunction ("lpm_mult") from the following logic: "Mult1" File: c:/intelfpga_lite/21.1/quartus/libraries/vhdl/synopsys/ieee/syn_arit.vhd Line: 687
Info (12130): Elaborated megafunction instantiation "lpm_mult:Mult0" File: c:/intelfpga_lite/21.1/quartus/libraries/vhdl/synopsys/ieee/syn_arit.vhd Line: 687
Info (12133): Instantiated megafunction "lpm_mult:Mult0" with the following parameter: File: c:/intelfpga_lite/21.1/quartus/libraries/vhdl/synopsys/ieee/syn_arit.vhd Line: 687
    Info (12134): Parameter "LPM_WIDTHA" = "8"
    Info (12134): Parameter "LPM_WIDTHB" = "2"
    Info (12134): Parameter "LPM_WIDTHP" = "10"
    Info (12134): Parameter "LPM_WIDTHR" = "10"
    Info (12134): Parameter "LPM_WIDTHS" = "1"
    Info (12134): Parameter "LPM_REPRESENTATION" = "UNSIGNED"
    Info (12134): Parameter "INPUT_A_IS_CONSTANT" = "NO"
    Info (12134): Parameter "INPUT_B_IS_CONSTANT" = "NO"
    Info (12134): Parameter "MAXIMIZE_SPEED" = "5"
Info (12131): Elaborated megafunction instantiation "lpm_mult:Mult0|multcore:mult_core", which is child of megafunction instantiation "lpm_mult:Mult0" File: c:/intelfpga_lite/21.1/quartus/libraries/megafunctions/lpm_mult.tdf Line: 324
Info (12131): Elaborated megafunction instantiation "lpm_mult:Mult0|multcore:mult_core|mpar_add:padder", which is child of megafunction instantiation "lpm_mult:Mult0" File: c:/intelfpga_lite/21.1/quartus/libraries/megafunctions/multcore.tdf Line: 283
Info (12131): Elaborated megafunction instantiation "lpm_mult:Mult0|multcore:mult_core|mpar_add:padder|lpm_add_sub:adder[0]", which is child of megafunction instantiation "lpm_mult:Mult0" File: c:/intelfpga_lite/21.1/quartus/libraries/megafunctions/mpar_add.tdf Line: 78
Info (12021): Found 1 design units, including 1 entities, in source file db/add_sub_dmg.tdf
    Info (12023): Found entity 1: add_sub_dmg File: C:/Users/stevi/Documents/proyecto/db/add_sub_dmg.tdf Line: 23
Info (12131): Elaborated megafunction instantiation "lpm_mult:Mult0|altshift:external_latency_ffs", which is child of megafunction instantiation "lpm_mult:Mult0" File: c:/intelfpga_lite/21.1/quartus/libraries/megafunctions/lpm_mult.tdf Line: 352
Info (12130): Elaborated megafunction instantiation "lpm_mult:Mult1" File: c:/intelfpga_lite/21.1/quartus/libraries/vhdl/synopsys/ieee/syn_arit.vhd Line: 687
Info (12133): Instantiated megafunction "lpm_mult:Mult1" with the following parameter: File: c:/intelfpga_lite/21.1/quartus/libraries/vhdl/synopsys/ieee/syn_arit.vhd Line: 687
    Info (12134): Parameter "LPM_WIDTHA" = "4"
    Info (12134): Parameter "LPM_WIDTHB" = "7"
    Info (12134): Parameter "LPM_WIDTHP" = "11"
    Info (12134): Parameter "LPM_WIDTHR" = "11"
    Info (12134): Parameter "LPM_WIDTHS" = "1"
    Info (12134): Parameter "LPM_REPRESENTATION" = "UNSIGNED"
    Info (12134): Parameter "INPUT_A_IS_CONSTANT" = "NO"
    Info (12134): Parameter "INPUT_B_IS_CONSTANT" = "YES"
    Info (12134): Parameter "MAXIMIZE_SPEED" = "5"
Info (12131): Elaborated megafunction instantiation "lpm_mult:Mult1|multcore:mult_core", which is child of megafunction instantiation "lpm_mult:Mult1" File: c:/intelfpga_lite/21.1/quartus/libraries/megafunctions/lpm_mult.tdf Line: 309
Info (12131): Elaborated megafunction instantiation "lpm_mult:Mult1|multcore:mult_core|mpar_add:padder", which is child of megafunction instantiation "lpm_mult:Mult1" File: c:/intelfpga_lite/21.1/quartus/libraries/megafunctions/multcore.tdf Line: 229
Info (12131): Elaborated megafunction instantiation "lpm_mult:Mult1|altshift:external_latency_ffs", which is child of megafunction instantiation "lpm_mult:Mult1" File: c:/intelfpga_lite/21.1/quartus/libraries/megafunctions/lpm_mult.tdf Line: 352
Warning (13012): Latch valtotal[0] has unsafe behavior File: C:/Users/stevi/Documents/proyecto/teclado.vhd Line: 527
    Warning (13013): Ports D and ENA on the latch are fed by the same signal val2[0] File: C:/Users/stevi/Documents/proyecto/teclado.vhd Line: 345
Warning (13012): Latch valtotal2[0] has unsafe behavior File: C:/Users/stevi/Documents/proyecto/teclado.vhd Line: 527
    Warning (13013): Ports D and ENA on the latch are fed by the same signal val3[0] File: C:/Users/stevi/Documents/proyecto/teclado.vhd Line: 345
Warning (13024): Output pins are stuck at VCC or GND
    Warning (13410): Pin "segmentos_unidades[7]" is stuck at VCC File: C:/Users/stevi/Documents/proyecto/teclado.vhd Line: 16
    Warning (13410): Pin "segmentos_decenas[7]" is stuck at VCC File: C:/Users/stevi/Documents/proyecto/teclado.vhd Line: 16
    Warning (13410): Pin "segmentos_centenas[7]" is stuck at VCC File: C:/Users/stevi/Documents/proyecto/teclado.vhd Line: 16
    Warning (13410): Pin "segmentos_unidades_1[0]" is stuck at GND File: C:/Users/stevi/Documents/proyecto/teclado.vhd Line: 17
    Warning (13410): Pin "segmentos_unidades_1[1]" is stuck at GND File: C:/Users/stevi/Documents/proyecto/teclado.vhd Line: 17
    Warning (13410): Pin "segmentos_unidades_1[2]" is stuck at GND File: C:/Users/stevi/Documents/proyecto/teclado.vhd Line: 17
    Warning (13410): Pin "segmentos_unidades_1[3]" is stuck at GND File: C:/Users/stevi/Documents/proyecto/teclado.vhd Line: 17
    Warning (13410): Pin "segmentos_unidades_1[4]" is stuck at GND File: C:/Users/stevi/Documents/proyecto/teclado.vhd Line: 17
    Warning (13410): Pin "segmentos_unidades_1[5]" is stuck at GND File: C:/Users/stevi/Documents/proyecto/teclado.vhd Line: 17
    Warning (13410): Pin "segmentos_unidades_1[6]" is stuck at GND File: C:/Users/stevi/Documents/proyecto/teclado.vhd Line: 17
    Warning (13410): Pin "segmentos_unidades_1[7]" is stuck at GND File: C:/Users/stevi/Documents/proyecto/teclado.vhd Line: 17
    Warning (13410): Pin "segmentos_unidades_1[8]" is stuck at GND File: C:/Users/stevi/Documents/proyecto/teclado.vhd Line: 17
    Warning (13410): Pin "segmentos_unidades_1[9]" is stuck at GND File: C:/Users/stevi/Documents/proyecto/teclado.vhd Line: 17
    Warning (13410): Pin "segmentos_decenas_1[0]" is stuck at GND File: C:/Users/stevi/Documents/proyecto/teclado.vhd Line: 17
    Warning (13410): Pin "segmentos_decenas_1[1]" is stuck at GND File: C:/Users/stevi/Documents/proyecto/teclado.vhd Line: 17
    Warning (13410): Pin "segmentos_decenas_1[2]" is stuck at GND File: C:/Users/stevi/Documents/proyecto/teclado.vhd Line: 17
    Warning (13410): Pin "segmentos_decenas_1[3]" is stuck at GND File: C:/Users/stevi/Documents/proyecto/teclado.vhd Line: 17
    Warning (13410): Pin "segmentos_decenas_1[4]" is stuck at GND File: C:/Users/stevi/Documents/proyecto/teclado.vhd Line: 17
    Warning (13410): Pin "segmentos_decenas_1[5]" is stuck at GND File: C:/Users/stevi/Documents/proyecto/teclado.vhd Line: 17
    Warning (13410): Pin "segmentos_decenas_1[6]" is stuck at GND File: C:/Users/stevi/Documents/proyecto/teclado.vhd Line: 17
    Warning (13410): Pin "segmentos_decenas_1[7]" is stuck at GND File: C:/Users/stevi/Documents/proyecto/teclado.vhd Line: 17
    Warning (13410): Pin "segmentos_decenas_1[8]" is stuck at GND File: C:/Users/stevi/Documents/proyecto/teclado.vhd Line: 17
    Warning (13410): Pin "segmentos_decenas_1[9]" is stuck at GND File: C:/Users/stevi/Documents/proyecto/teclado.vhd Line: 17
    Warning (13410): Pin "segmentos_centenas_1[0]" is stuck at GND File: C:/Users/stevi/Documents/proyecto/teclado.vhd Line: 17
    Warning (13410): Pin "segmentos_centenas_1[1]" is stuck at GND File: C:/Users/stevi/Documents/proyecto/teclado.vhd Line: 17
    Warning (13410): Pin "segmentos_centenas_1[2]" is stuck at GND File: C:/Users/stevi/Documents/proyecto/teclado.vhd Line: 17
    Warning (13410): Pin "segmentos_centenas_1[3]" is stuck at GND File: C:/Users/stevi/Documents/proyecto/teclado.vhd Line: 17
    Warning (13410): Pin "segmentos_centenas_1[4]" is stuck at GND File: C:/Users/stevi/Documents/proyecto/teclado.vhd Line: 17
    Warning (13410): Pin "segmentos_centenas_1[5]" is stuck at GND File: C:/Users/stevi/Documents/proyecto/teclado.vhd Line: 17
    Warning (13410): Pin "segmentos_centenas_1[6]" is stuck at GND File: C:/Users/stevi/Documents/proyecto/teclado.vhd Line: 17
    Warning (13410): Pin "segmentos_centenas_1[7]" is stuck at GND File: C:/Users/stevi/Documents/proyecto/teclado.vhd Line: 17
    Warning (13410): Pin "segmentos_centenas_1[8]" is stuck at GND File: C:/Users/stevi/Documents/proyecto/teclado.vhd Line: 17
    Warning (13410): Pin "segmentos_centenas_1[9]" is stuck at GND File: C:/Users/stevi/Documents/proyecto/teclado.vhd Line: 17
    Warning (13410): Pin "segm1[7]" is stuck at VCC File: C:/Users/stevi/Documents/proyecto/teclado.vhd Line: 18
    Warning (13410): Pin "segm2[7]" is stuck at VCC File: C:/Users/stevi/Documents/proyecto/teclado.vhd Line: 18
    Warning (13410): Pin "segm3[1]" is stuck at GND File: C:/Users/stevi/Documents/proyecto/teclado.vhd Line: 18
    Warning (13410): Pin "segm3[7]" is stuck at VCC File: C:/Users/stevi/Documents/proyecto/teclado.vhd Line: 18
Info (286030): Timing-Driven Synthesis is running
Info (17049): 11 registers lost all their fanouts during netlist optimizations.
Info (17016): Found the following redundant logic cells in design
    Info (17048): Logic cell "lpm_mult:Mult0|multcore:mult_core|decoder_node[1][0]" File: c:/intelfpga_lite/21.1/quartus/libraries/megafunctions/multcore.tdf Line: 252
    Info (17048): Logic cell "lpm_mult:Mult0|multcore:mult_core|decoder_node[1][1]" File: c:/intelfpga_lite/21.1/quartus/libraries/megafunctions/multcore.tdf Line: 252
    Info (17048): Logic cell "lpm_mult:Mult0|multcore:mult_core|decoder_node[1][2]" File: c:/intelfpga_lite/21.1/quartus/libraries/megafunctions/multcore.tdf Line: 252
    Info (17048): Logic cell "lpm_mult:Mult0|multcore:mult_core|decoder_node[1][3]" File: c:/intelfpga_lite/21.1/quartus/libraries/megafunctions/multcore.tdf Line: 252
    Info (17048): Logic cell "lpm_mult:Mult0|multcore:mult_core|decoder_node[1][4]" File: c:/intelfpga_lite/21.1/quartus/libraries/megafunctions/multcore.tdf Line: 252
    Info (17048): Logic cell "lpm_mult:Mult0|multcore:mult_core|decoder_node[1][5]" File: c:/intelfpga_lite/21.1/quartus/libraries/megafunctions/multcore.tdf Line: 252
    Info (17048): Logic cell "lpm_mult:Mult0|multcore:mult_core|decoder_node[1][6]" File: c:/intelfpga_lite/21.1/quartus/libraries/megafunctions/multcore.tdf Line: 252
    Info (17048): Logic cell "lpm_mult:Mult0|multcore:mult_core|decoder_node[1][7]" File: c:/intelfpga_lite/21.1/quartus/libraries/megafunctions/multcore.tdf Line: 252
Info (16010): Generating hard_block partition "hard_block:auto_generated_inst"
    Info (16011): Adding 0 node(s), including 0 DDIO, 0 PLL, 0 transceiver and 0 LCELL
Warning (21074): Design contains 1 input pin(s) that do not drive logic
    Warning (15610): No output dependent on input pin "pul" File: C:/Users/stevi/Documents/proyecto/teclado.vhd Line: 13
Info (21057): Implemented 914 device resources after synthesis - the final resource count might be different
    Info (21058): Implemented 17 input pins
    Info (21059): Implemented 83 output pins
    Info (21061): Implemented 814 logic cells
Info: Quartus Prime Analysis & Synthesis was successful. 0 errors, 63 warnings
    Info: Peak virtual memory: 4819 megabytes
    Info: Processing ended: Tue Nov 23 18:27:53 2021
    Info: Elapsed time: 00:00:16
    Info: Total CPU time (on all processors): 00:00:30


